<?xml version="1.0" encoding="UTF-8"?>
<!-- Generated by org.testng.reporters.JUnitReportReporter -->
<testsuite hostname="DESKTOP-2CJMUDU" failures="0" tests="1" name="basePage.Generic" time="8.775" errors="0" timestamp="2025-04-07T12:23:47 IST" skipped="0">
  <testcase classname="basePage.Generic" name="run" time="8.775"/>
</testsuite> <!-- basePage.Generic -->
